\BOOKMARK [1][-]{section.1}{\376\377\000I\000n\000t\000r\000o\000d\000u\000c\000t\000i\000o\000n}{}% 1
\BOOKMARK [2][-]{subsection.1.1}{\376\377\000W\000h\000y\000\040\000d\000o\000\040\000w\000e\000\040\000n\000e\000e\000d\000\040\000N\000A\000S}{section.1}% 2
\BOOKMARK [2][-]{subsection.1.2}{\376\377\000G\000D\000P}{section.1}% 3
\BOOKMARK [1][-]{section.2}{\376\377\000D\000e\000f\000i\000n\000i\000n\000g\000\040\000G\000D\000P}{}% 4
\BOOKMARK [2][-]{subsection.2.1}{\376\377\000O\000u\000t\000p\000u\000t\000\040\000a\000p\000p\000r\000o\000a\000c\000h}{section.2}% 5
\BOOKMARK [2][-]{subsection.2.2}{\376\377\000F\000i\000n\000a\000l\000\040\000d\000e\000m\000a\000n\000d\000\040\000a\000p\000p\000r\000o\000a\000c\000h}{section.2}% 6
\BOOKMARK [2][-]{subsection.2.3}{\376\377\000T\000h\000e\000\040\000i\000n\000c\000o\000m\000e\000\040\000a\000p\000p\000r\000o\000a\000c\000h}{section.2}% 7
\BOOKMARK [1][-]{section.3}{\376\377\000C\000o\000n\000t\000r\000i\000b\000u\000t\000i\000o\000n\000s\000\040\000t\000o\000\040\000G\000r\000o\000w\000t\000h}{}% 8
\BOOKMARK [1][-]{section.4}{\376\377\000A\000\040\000n\000o\000t\000e\000\040\000o\000n\000\040\000a\000c\000c\000o\000u\000n\000t\000i\000n\000g\000\040\000v\000s\000.\000\040\000h\000o\000w\000\040\000t\000h\000e\000\040\000e\000c\000o\000n\000o\000m\000y\000\040\000w\000o\000r\000k\000s}{}% 9
\BOOKMARK [1][-]{section.5}{\376\377\000R\000e\000a\000l\000\040\000v\000s\000.\000\040\000n\000o\000m\000i\000n\000a\000l\000\040\000v\000a\000l\000u\000e}{}% 10
\BOOKMARK [1][-]{section.6}{\376\377\000D\000e\000f\000l\000a\000t\000o\000r\000\040\000a\000n\000d\000\040\000b\000a\000s\000e\000-\000y\000e\000a\000r}{}% 11
\BOOKMARK [1][-]{section.7}{\376\377\000Q\000u\000a\000n\000t\000i\000t\000i\000e\000s\000\040\000v\000s\000.\000\040\000v\000o\000l\000u\000m\000e}{}% 12
\BOOKMARK [1][-]{section.8}{\376\377\000L\000a\000s\000p\000e\000y\000r\000e\000s\000\040\000a\000n\000d\000\040\000P\000a\000a\000s\000c\000h\000e\000\040\000i\000n\000d\000e\000x\000e\000s}{}% 13
\BOOKMARK [1][-]{section.9}{\376\377\000I\000m\000p\000o\000r\000t\000a\000n\000t\000\040\000i\000s\000s\000u\000e\000s\000\040\000w\000i\000t\000h\000\040\000t\000h\000e\000\040\000N\000A\000S}{}% 14
\BOOKMARK [1][-]{section.10}{\376\377\000I\000s\000s\000u\000e\000s\000\040\000w\000i\000t\000h\000\040\000`\000`\000n\000o\000r\000m\000a\000l\000i\000z\000a\000t\000i\000o\000n\000'\000'}{}% 15
\BOOKMARK [1][-]{section.11}{\376\377\000R\000e\000p\000o\000r\000t\000i\000n\000g\000\040\000l\000a\000g\000s}{}% 16
\BOOKMARK [1][-]{section.12}{\376\377\000R\000e\000v\000i\000s\000i\000o\000n\000s}{}% 17
\BOOKMARK [1][-]{section.13}{\376\377\000W\000e\000l\000f\000a\000r\000e}{}% 18
\BOOKMARK [1][-]{section.14}{\376\377\000O\000t\000h\000e\000r\000\040\000i\000m\000p\000o\000r\000t\000a\000n\000t\000\040\000m\000a\000c\000r\000o\000\040\000d\000a\000t\000a}{}% 19
\BOOKMARK [2][-]{subsection.14.1}{\376\377\000P\000r\000i\000c\000e\000\040\000i\000n\000d\000e\000x\000e\000s}{section.14}% 20
\BOOKMARK [2][-]{subsection.14.2}{\376\377\000I\000n\000t\000e\000r\000e\000s\000t\000\040\000r\000a\000t\000e\000s}{section.14}% 21
\BOOKMARK [2][-]{subsection.14.3}{\376\377\000R\000e\000a\000l\000\040\000a\000n\000d\000\040\000n\000o\000m\000i\000n\000a\000l\000\040\000i\000n\000t\000e\000r\000e\000s\000t\000\040\000r\000a\000t\000e\000s}{section.14}% 22
\BOOKMARK [1][-]{section.15}{\376\377\000D\000a\000t\000a\000\040\000t\000r\000a\000n\000s\000f\000o\000r\000m\000a\000t\000i\000o\000n\000s\000\040\000a\000n\000d\000\040\000i\000n\000t\000e\000r\000p\000r\000e\000t\000a\000t\000i\000o\000n}{}% 23
\BOOKMARK [2][-]{subsection.15.1}{\376\377\000S\000o\000m\000e\000\040\000i\000m\000p\000o\000r\000t\000a\000n\000t\000\040\000d\000a\000t\000a\000\040\000t\000r\000a\000n\000s\000f\000o\000r\000m\000a\000t\000i\000o\000n\000\040\000t\000y\000p\000i\000c\000a\000l\000l\000y\000\040\000u\000s\000e\000d}{section.15}% 24
\BOOKMARK [2][-]{subsection.15.2}{\376\377\000P\000e\000r\000c\000e\000n\000t\000\040\000c\000h\000a\000n\000g\000e\000\040\000c\000a\000l\000c\000u\000l\000a\000t\000i\000o\000n\000s}{section.15}% 25
\BOOKMARK [2][-]{subsection.15.3}{\376\377\000C\000u\000m\000u\000l\000a\000t\000i\000v\000e\000\040\000g\000r\000o\000w\000t\000h}{section.15}% 26
\BOOKMARK [2][-]{subsection.15.4}{\376\377\000I\000n\000t\000e\000r\000p\000r\000e\000t\000i\000n\000g\000\040\000r\000e\000g\000r\000e\000s\000s\000i\000o\000n\000\040\000c\000o\000e\000f\000f\000i\000c\000i\000e\000n\000t\000s}{section.15}% 27
